<?xml version="1.0" encoding="UTF-8"?>
<!-- Generated by org.testng.reporters.JUnitXMLReporter -->
<testsuite ignored="0" hostname="LAPTOP-GT1N6IAM" failures="0" tests="3" name="Default test" time="17.156" errors="0" timestamp="2026-04-21T15:28:47 IST">
  <testcase classname="com.test.LoginTest" name="InvalidLogin" time="6.045"/>
  <testcase classname="com.test.LoginTest" name="InvalidLogin" time="6.292"/>
  <testcase classname="com.test.LoginTest" name="LoginValidation" time="7.368"/>
</testsuite> <!-- Default test -->
