<?xml version="1.0" encoding="UTF-8"?>
<testng-results ignored="0" total="1" passed="1" failed="0" skipped="0">
  <reporter-output>
  </reporter-output>
  <suite started-at="2026-04-17T16:25:45 IST" name="Default suite" finished-at="2026-04-17T16:25:52 IST" duration-ms="7195">
    <groups>
    </groups>
    <test started-at="2026-04-17T16:25:45 IST" name="Default test" finished-at="2026-04-17T16:25:52 IST" duration-ms="7195">
      <class name="com.TestNG.BasicTestNg.AssertDemoBlaze">
        <test-method is-config="true" signature="beforeMethod()[pri:0, instance:com.TestNG.BasicTestNg.AssertDemoBlaze@14cd1699]" started-at="2026-04-17T16:25:45 IST" name="beforeMethod" finished-at="2026-04-17T16:25:52 IST" duration-ms="6776" status="PASS">
          <reporter-output>
          </reporter-output>
        </test-method> <!-- beforeMethod -->
        <test-method signature="verifyTitle()[pri:0, instance:com.TestNG.BasicTestNg.AssertDemoBlaze@14cd1699]" started-at="2026-04-17T16:25:52 IST" name="verifyTitle" finished-at="2026-04-17T16:25:52 IST" duration-ms="40" status="PASS">
          <reporter-output>
          </reporter-output>
        </test-method> <!-- verifyTitle -->
        <test-method is-config="true" signature="afterMethod()[pri:0, instance:com.TestNG.BasicTestNg.AssertDemoBlaze@14cd1699]" started-at="2026-04-17T16:25:52 IST" name="afterMethod" finished-at="2026-04-17T16:25:52 IST" duration-ms="352" status="PASS">
          <reporter-output>
          </reporter-output>
        </test-method> <!-- afterMethod -->
      </class> <!-- com.TestNG.BasicTestNg.AssertDemoBlaze -->
    </test> <!-- Default test -->
  </suite> <!-- Default suite -->
</testng-results>
