<?xml version="1.0" encoding="UTF-8"?>
<testng-results ignored="0" total="1" passed="1" failed="0" skipped="0">
  <reporter-output>
  </reporter-output>
  <suite started-at="2026-04-21T11:52:36 IST" name="Default suite" finished-at="2026-04-21T11:52:43 IST" duration-ms="7442">
    <groups>
    </groups>
    <test started-at="2026-04-21T11:52:36 IST" name="Default test" finished-at="2026-04-21T11:52:43 IST" duration-ms="7442">
      <class name="com.TestNG.BasicTestNg.AssertDemoBlaze">
        <test-method is-config="true" signature="beforeMethod()[pri:0, instance:com.TestNG.BasicTestNg.AssertDemoBlaze@14cd1699]" started-at="2026-04-21T11:52:36 IST" name="beforeMethod" finished-at="2026-04-21T11:52:43 IST" duration-ms="7119" status="PASS">
          <reporter-output>
          </reporter-output>
        </test-method> <!-- beforeMethod -->
        <test-method signature="verifyTitle()[pri:0, instance:com.TestNG.BasicTestNg.AssertDemoBlaze@14cd1699]" started-at="2026-04-21T11:52:43 IST" name="verifyTitle" finished-at="2026-04-21T11:52:43 IST" duration-ms="41" status="PASS">
          <reporter-output>
          </reporter-output>
        </test-method> <!-- verifyTitle -->
        <test-method is-config="true" signature="afterMethod()[pri:0, instance:com.TestNG.BasicTestNg.AssertDemoBlaze@14cd1699]" started-at="2026-04-21T11:52:43 IST" name="afterMethod" finished-at="2026-04-21T11:52:43 IST" duration-ms="235" status="PASS">
          <reporter-output>
          </reporter-output>
        </test-method> <!-- afterMethod -->
      </class> <!-- com.TestNG.BasicTestNg.AssertDemoBlaze -->
    </test> <!-- Default test -->
  </suite> <!-- Default suite -->
</testng-results>
