<?xml version="1.0" encoding="UTF-8"?>
<!-- Generated by org.testng.reporters.JUnitReportReporter -->
<testsuite hostname="LAPTOP-GT1N6IAM" failures="0" tests="3" name="com.TestNG.BasicTestNg.TestNG_Demo" time="20.078" errors="0" timestamp="2026-04-17T15:46:03 IST" skipped="0">
  <testcase classname="com.TestNG.BasicTestNg.TestNG_Demo" name="invalidPassword" time="6.984"/>
  <testcase classname="com.TestNG.BasicTestNg.TestNG_Demo" name="invalidUserName" time="5.731"/>
  <testcase classname="com.TestNG.BasicTestNg.TestNG_Demo" name="validation" time="7.363"/>
</testsuite> <!-- com.TestNG.BasicTestNg.TestNG_Demo -->
