<?xml version="1.0" encoding="UTF-8"?>
<!-- Generated by org.testng.reporters.JUnitReportReporter -->
<testsuite hostname="LAPTOP-GT1N6IAM" failures="0" tests="2" name="com.TestNG.BasicTestNg.AnnotationsExample" time="0.012" errors="0" timestamp="2026-04-16T15:48:15 IST" skipped="0">
  <testcase classname="com.TestNG.BasicTestNg.AnnotationsExample" name="LoginTest" time="0.002"/>
  <testcase classname="com.TestNG.BasicTestNg.AnnotationsExample" name="LogOutTest" time="0.010"/>
</testsuite> <!-- com.TestNG.BasicTestNg.AnnotationsExample -->
