<?xml version="1.0" encoding="UTF-8"?>
<!-- Generated by org.testng.reporters.JUnitReportReporter -->
<testsuite hostname="LAPTOP-GT1N6IAM" failures="0" tests="3" name="com.TestNG.BasicTestNg.NewTest" time="0.011" errors="0" timestamp="2026-04-16T14:51:55 IST" skipped="0">
  <testcase classname="com.TestNG.BasicTestNg.NewTest" name="c" time="0.001"/>
  <testcase classname="com.TestNG.BasicTestNg.NewTest" name="b" time="0.002"/>
  <testcase classname="com.TestNG.BasicTestNg.NewTest" name="a" time="0.008"/>
</testsuite> <!-- com.TestNG.BasicTestNg.NewTest -->
