<?xml version="1.0" encoding="UTF-8"?>
<!-- Generated by org.testng.reporters.JUnitReportReporter -->
<testsuite hostname="LAPTOP-GT1N6IAM" failures="0" tests="4" name="com.TestNG.BasicTestNg.GroupDemoTest" time="0.014" errors="0" timestamp="2026-04-17T12:30:52 IST" skipped="0">
  <testcase classname="com.TestNG.BasicTestNg.GroupDemoTest" name="testMethod1ForGroupA" time="0.009"/>
  <testcase classname="com.TestNG.BasicTestNg.GroupDemoTest" name="testMethod2ForGroupB" time="0.001"/>
  <testcase classname="com.TestNG.BasicTestNg.GroupDemoTest" name="testMethod1ForGroupB" time="0.002"/>
  <testcase classname="com.TestNG.BasicTestNg.GroupDemoTest" name="testMethod2ForGroupA" time="0.002"/>
</testsuite> <!-- com.TestNG.BasicTestNg.GroupDemoTest -->
