<?xml version="1.0" encoding="UTF-8"?>
<testng-results ignored="0" total="3" passed="3" failed="0" skipped="0">
  <reporter-output>
  </reporter-output>
  <suite started-at="2026-04-21T15:28:29 IST" name="Default suite" finished-at="2026-04-21T15:28:47 IST" duration-ms="17156">
    <groups>
    </groups>
    <test started-at="2026-04-21T15:28:29 IST" name="Default test" finished-at="2026-04-21T15:28:47 IST" duration-ms="17156">
      <class name="com.test.LoginTest">
        <test-method is-config="true" signature="beforeMethod()[pri:0, instance:com.test.LoginTest@1bb5a082]" started-at="2026-04-21T15:28:30 IST" name="beforeMethod" finished-at="2026-04-21T15:28:32 IST" duration-ms="1524" status="PASS">
          <reporter-output>
          </reporter-output>
        </test-method> <!-- beforeMethod -->
        <test-method is-config="true" signature="beforeMethod()[pri:0, instance:com.test.LoginTest@1bb5a082]" started-at="2026-04-21T15:28:30 IST" name="beforeMethod" finished-at="2026-04-21T15:28:32 IST" duration-ms="1524" status="PASS">
          <reporter-output>
          </reporter-output>
        </test-method> <!-- beforeMethod -->
        <test-method signature="InvalidLogin(java.lang.String,java.lang.String)[pri:0, instance:com.test.LoginTest@1bb5a082]" started-at="2026-04-21T15:28:32 IST" name="InvalidLogin" data-provider="InValidexcelData" finished-at="2026-04-21T15:28:38 IST" duration-ms="6045" status="PASS">
          <params>
            <param index="0">
              <value>
                <![CDATA[Hello]]>
              </value>
            </param>
            <param index="1">
              <value>
                <![CDATA[admin]]>
              </value>
            </param>
          </params>
          <reporter-output>
          </reporter-output>
        </test-method> <!-- InvalidLogin -->
        <test-method signature="InvalidLogin(java.lang.String,java.lang.String)[pri:0, instance:com.test.LoginTest@1bb5a082]" started-at="2026-04-21T15:28:32 IST" name="InvalidLogin" data-provider="InValidexcelData" finished-at="2026-04-21T15:28:38 IST" duration-ms="6292" status="PASS">
          <params>
            <param index="0">
              <value>
                <![CDATA[Admin]]>
              </value>
            </param>
            <param index="1">
              <value>
                <![CDATA[Hello]]>
              </value>
            </param>
          </params>
          <reporter-output>
          </reporter-output>
        </test-method> <!-- InvalidLogin -->
        <test-method is-config="true" signature="afterMethod()[pri:0, instance:com.test.LoginTest@1bb5a082]" started-at="2026-04-21T15:28:38 IST" name="afterMethod" finished-at="2026-04-21T15:28:38 IST" duration-ms="312" status="PASS">
          <reporter-output>
          </reporter-output>
        </test-method> <!-- afterMethod -->
        <test-method is-config="true" signature="afterMethod()[pri:0, instance:com.test.LoginTest@1bb5a082]" started-at="2026-04-21T15:28:38 IST" name="afterMethod" finished-at="2026-04-21T15:28:38 IST" duration-ms="235" status="PASS">
          <reporter-output>
          </reporter-output>
        </test-method> <!-- afterMethod -->
        <test-method is-config="true" signature="beforeMethod()[pri:0, instance:com.test.LoginTest@1bb5a082]" started-at="2026-04-21T15:28:38 IST" name="beforeMethod" finished-at="2026-04-21T15:28:39 IST" duration-ms="874" status="PASS">
          <reporter-output>
          </reporter-output>
        </test-method> <!-- beforeMethod -->
        <test-method signature="LoginValidation(java.lang.String,java.lang.String)[pri:0, instance:com.test.LoginTest@1bb5a082]" started-at="2026-04-21T15:28:39 IST" name="LoginValidation" data-provider="ValidexcelData" finished-at="2026-04-21T15:28:46 IST" duration-ms="7368" status="PASS">
          <params>
            <param index="0">
              <value>
                <![CDATA[Admin]]>
              </value>
            </param>
            <param index="1">
              <value>
                <![CDATA[admin]]>
              </value>
            </param>
          </params>
          <reporter-output>
          </reporter-output>
        </test-method> <!-- LoginValidation -->
        <test-method is-config="true" signature="afterMethod()[pri:0, instance:com.test.LoginTest@1bb5a082]" started-at="2026-04-21T15:28:46 IST" name="afterMethod" finished-at="2026-04-21T15:28:47 IST" duration-ms="204" status="PASS">
          <reporter-output>
          </reporter-output>
        </test-method> <!-- afterMethod -->
      </class> <!-- com.test.LoginTest -->
    </test> <!-- Default test -->
  </suite> <!-- Default suite -->
</testng-results>
