<?xml version="1.0" encoding="UTF-8"?>
<!-- Generated by org.testng.reporters.JUnitReportReporter -->
<testsuite hostname="LAPTOP-GT1N6IAM" failures="0" tests="3" name="com.test.LoginTest" time="24.378" errors="0" timestamp="2026-04-21T15:28:47 IST" skipped="0">
  <testcase classname="com.test.LoginTest" name="InvalidLogin" time="7.804"/>
  <testcase classname="com.test.LoginTest" name="LoginValidation" time="8.446"/>
  <testcase classname="com.test.LoginTest" name="InvalidLogin" time="8.128"/>
</testsuite> <!-- com.test.LoginTest -->
